E:\COMPUTER ARCHITECTURE\MIPS\CODE\PROJECTII\TOMASULOBTB\DEBUG\TOMASULOBTB.EXE
E:\COMPUTER ARCHITECTURE\MIPS\CODE\PROJECTII\TOMASULOBTB\DEBUG\TOMASULOBTB.ILK
E:\COMPUTER ARCHITECTURE\MIPS\CODE\PROJECTII\TOMASULOBTB\DEBUG\TOMASULOBTB.PDB
E:\COMPUTER ARCHITECTURE\MIPS\CODE\PROJECTII\TOMASULOBTB\TOMASULOBTB\DEBUG\BRANCHTARGETBUFFER.OBJ
E:\Computer Architecture\MIPS\Code\ProjectII\TomasuloBTB\TomasuloBTB\Debug\cl.command.1.tlog
E:\Computer Architecture\MIPS\Code\ProjectII\TomasuloBTB\TomasuloBTB\Debug\CL.read.1.tlog
E:\Computer Architecture\MIPS\Code\ProjectII\TomasuloBTB\TomasuloBTB\Debug\CL.write.1.tlog
E:\Computer Architecture\MIPS\Code\ProjectII\TomasuloBTB\TomasuloBTB\Debug\link.6896.read.1.tlog
E:\Computer Architecture\MIPS\Code\ProjectII\TomasuloBTB\TomasuloBTB\Debug\link.6896.write.1.tlog
E:\Computer Architecture\MIPS\Code\ProjectII\TomasuloBTB\TomasuloBTB\Debug\link.6896-cvtres.read.1.tlog
E:\Computer Architecture\MIPS\Code\ProjectII\TomasuloBTB\TomasuloBTB\Debug\link.6896-cvtres.write.1.tlog
E:\Computer Architecture\MIPS\Code\ProjectII\TomasuloBTB\TomasuloBTB\Debug\link.command.1.tlog
E:\Computer Architecture\MIPS\Code\ProjectII\TomasuloBTB\TomasuloBTB\Debug\link.read.1.tlog
E:\Computer Architecture\MIPS\Code\ProjectII\TomasuloBTB\TomasuloBTB\Debug\link.write.1.tlog
E:\Computer Architecture\MIPS\Code\ProjectII\TomasuloBTB\TomasuloBTB\Debug\link-cvtres.read.1.tlog
E:\Computer Architecture\MIPS\Code\ProjectII\TomasuloBTB\TomasuloBTB\Debug\link-cvtres.write.1.tlog
E:\COMPUTER ARCHITECTURE\MIPS\CODE\PROJECTII\TOMASULOBTB\TOMASULOBTB\DEBUG\MAIN.OBJ
E:\COMPUTER ARCHITECTURE\MIPS\CODE\PROJECTII\TOMASULOBTB\TOMASULOBTB\DEBUG\MIPSINSTRCUTUION.OBJ
E:\Computer Architecture\MIPS\Code\ProjectII\TomasuloBTB\TomasuloBTB\Debug\mt.command.1.tlog
E:\Computer Architecture\MIPS\Code\ProjectII\TomasuloBTB\TomasuloBTB\Debug\mt.read.1.tlog
E:\Computer Architecture\MIPS\Code\ProjectII\TomasuloBTB\TomasuloBTB\Debug\mt.write.1.tlog
E:\Computer Architecture\MIPS\Code\ProjectII\TomasuloBTB\TomasuloBTB\Debug\rc.command.1.tlog
E:\Computer Architecture\MIPS\Code\ProjectII\TomasuloBTB\TomasuloBTB\Debug\rc.read.1.tlog
E:\Computer Architecture\MIPS\Code\ProjectII\TomasuloBTB\TomasuloBTB\Debug\rc.write.1.tlog
E:\COMPUTER ARCHITECTURE\MIPS\CODE\PROJECTII\TOMASULOBTB\TOMASULOBTB\DEBUG\REGISTERSTATUS.OBJ
E:\COMPUTER ARCHITECTURE\MIPS\CODE\PROJECTII\TOMASULOBTB\TOMASULOBTB\DEBUG\REORDERBUFFER.OBJ
E:\COMPUTER ARCHITECTURE\MIPS\CODE\PROJECTII\TOMASULOBTB\TOMASULOBTB\DEBUG\RESERVATIONSTATION.OBJ
E:\COMPUTER ARCHITECTURE\MIPS\CODE\PROJECTII\TOMASULOBTB\TOMASULOBTB\DEBUG\TOMASULOBTB.EXE.EMBED.MANIFEST
E:\COMPUTER ARCHITECTURE\MIPS\CODE\PROJECTII\TOMASULOBTB\TOMASULOBTB\DEBUG\TOMASULOBTB.EXE.EMBED.MANIFEST.RES
E:\COMPUTER ARCHITECTURE\MIPS\CODE\PROJECTII\TOMASULOBTB\TOMASULOBTB\DEBUG\TOMASULOBTB.EXE.INTERMEDIATE.MANIFEST
E:\Computer Architecture\MIPS\Code\ProjectII\TomasuloBTB\TomasuloBTB\Debug\TomasuloBTB_manifest.rc
E:\Computer Architecture\MIPS\Code\ProjectII\TomasuloBTB\TomasuloBTB\Debug\vc100.idb
E:\COMPUTER ARCHITECTURE\MIPS\CODE\PROJECTII\TOMASULOBTB\TOMASULOBTB\DEBUG\VC100.PDB
