Build started 2014/12/9 13:16:13.
     1>Project "E:\Computer Architecture\MIPS\Code\ProjectII\TomasuloBTB\TomasuloBTB\TomasuloBTB.vcxproj" on node 2 (rebuild target(s)).
     1>_PrepareForClean:
         Deleting file "Debug\TomasuloBTB.lastbuildstate".
       InitializeBuildStatus:
         Creating "Debug\TomasuloBTB.unsuccessfulbuild" because "AlwaysCreate" was specified.
       ClCompile:
         D:\Program Files\Microsoft Visual Studio 10.0\VC\bin\CL.exe /c /ZI /nologo /W3 /WX- /Od /Oy- /D WIN32 /D _DEBUG /D _CONSOLE /D _UNICODE /D UNICODE /Gm /EHsc /RTC1 /MDd /GS /fp:precise /Zc:wchar_t /Zc:forScope /Fo"Debug\\" /Fd"Debug\vc100.pdb" /Gd /TP /analyze- /errorReport:prompt BranchTargetBuffer.cpp Main.cpp MipsInstrcutuion.cpp RegisterStatus.cpp ReorderBuffer.cpp ReservationStation.cpp
         ReservationStation.cpp
     1>e:\computer architecture\mips\code\projectii\tomasulobtb\tomasulobtb\reservationstation.cpp(221): warning C4244: '=' : conversion from 'double' to 'int', possible loss of data
     1>e:\computer architecture\mips\code\projectii\tomasulobtb\tomasulobtb\reservationstation.cpp(224): warning C4244: '=' : conversion from 'double' to 'int', possible loss of data
     1>e:\computer architecture\mips\code\projectii\tomasulobtb\tomasulobtb\reservationstation.cpp(227): warning C4244: '=' : conversion from 'double' to 'int', possible loss of data
         ReorderBuffer.cpp
         RegisterStatus.cpp
         MipsInstrcutuion.cpp
     1>e:\computer architecture\mips\code\projectii\tomasulobtb\tomasulobtb\mipsinstrcutuion.cpp(168): warning C4244: '=' : conversion from 'double' to 'int', possible loss of data
         Main.cpp
     1>e:\computer architecture\mips\code\projectii\tomasulobtb\tomasulobtb\main.cpp(292): warning C4551: function call missing argument list
     1>e:\computer architecture\mips\code\projectii\tomasulobtb\tomasulobtb\main.cpp(314): warning C4551: function call missing argument list
     1>e:\computer architecture\mips\code\projectii\tomasulobtb\tomasulobtb\main.cpp(589): warning C4551: function call missing argument list
         BranchTargetBuffer.cpp
         Generating Code...
       ManifestResourceCompile:
         C:\Program Files\Microsoft SDKs\Windows\v7.0A\bin\rc.exe /nologo /fo"Debug\TomasuloBTB.exe.embed.manifest.res" Debug\TomasuloBTB_manifest.rc 
       Link:
         D:\Program Files\Microsoft Visual Studio 10.0\VC\bin\link.exe /ERRORREPORT:PROMPT /OUT:"E:\Computer Architecture\MIPS\Code\ProjectII\TomasuloBTB\Debug\TomasuloBTB.exe" /INCREMENTAL /NOLOGO kernel32.lib user32.lib gdi32.lib winspool.lib comdlg32.lib advapi32.lib shell32.lib ole32.lib oleaut32.lib uuid.lib odbc32.lib odbccp32.lib /MANIFEST /ManifestFile:"Debug\TomasuloBTB.exe.intermediate.manifest" /MANIFESTUAC:"level='asInvoker' uiAccess='false'" /DEBUG /PDB:"E:\Computer Architecture\MIPS\Code\ProjectII\TomasuloBTB\Debug\TomasuloBTB.pdb" /SUBSYSTEM:CONSOLE /TLBID:1 /DYNAMICBASE /NXCOMPAT /IMPLIB:"E:\Computer Architecture\MIPS\Code\ProjectII\TomasuloBTB\Debug\TomasuloBTB.lib" /MACHINE:X86 Debug\TomasuloBTB.exe.embed.manifest.res
         Debug\BranchTargetBuffer.obj
         Debug\Main.obj
         Debug\MipsInstrcutuion.obj
         Debug\RegisterStatus.obj
         Debug\ReorderBuffer.obj
         Debug\ReservationStation.obj
       Manifest:
         Deleting file "Debug\TomasuloBTB.exe.embed.manifest".
         C:\Program Files\Microsoft SDKs\Windows\v7.0A\bin\mt.exe /nologo /verbose /out:"Debug\TomasuloBTB.exe.embed.manifest" /manifest Debug\TomasuloBTB.exe.intermediate.manifest
         C:\Program Files\Microsoft SDKs\Windows\v7.0A\bin\rc.exe /nologo /fo"Debug\TomasuloBTB.exe.embed.manifest.res" Debug\TomasuloBTB_manifest.rc 
       LinkEmbedManifest:
         D:\Program Files\Microsoft Visual Studio 10.0\VC\bin\link.exe /ERRORREPORT:PROMPT /OUT:"E:\Computer Architecture\MIPS\Code\ProjectII\TomasuloBTB\Debug\TomasuloBTB.exe" /INCREMENTAL /NOLOGO kernel32.lib user32.lib gdi32.lib winspool.lib comdlg32.lib advapi32.lib shell32.lib ole32.lib oleaut32.lib uuid.lib odbc32.lib odbccp32.lib /MANIFEST /ManifestFile:"Debug\TomasuloBTB.exe.intermediate.manifest" /MANIFESTUAC:"level='asInvoker' uiAccess='false'" /DEBUG /PDB:"E:\Computer Architecture\MIPS\Code\ProjectII\TomasuloBTB\Debug\TomasuloBTB.pdb" /SUBSYSTEM:CONSOLE /TLBID:1 /DYNAMICBASE /NXCOMPAT /IMPLIB:"E:\Computer Architecture\MIPS\Code\ProjectII\TomasuloBTB\Debug\TomasuloBTB.lib" /MACHINE:X86 Debug\TomasuloBTB.exe.embed.manifest.res
         Debug\BranchTargetBuffer.obj
         Debug\Main.obj
         Debug\MipsInstrcutuion.obj
         Debug\RegisterStatus.obj
         Debug\ReorderBuffer.obj
         Debug\ReservationStation.obj
         TomasuloBTB.vcxproj -> E:\Computer Architecture\MIPS\Code\ProjectII\TomasuloBTB\Debug\TomasuloBTB.exe
       FinalizeBuildStatus:
         Deleting file "Debug\TomasuloBTB.unsuccessfulbuild".
         Touching "Debug\TomasuloBTB.lastbuildstate".
     1>Done Building Project "E:\Computer Architecture\MIPS\Code\ProjectII\TomasuloBTB\TomasuloBTB\TomasuloBTB.vcxproj" (rebuild target(s)).

Build succeeded.

Time Elapsed 00:00:03.74
